<?xml version="1.0" encoding="UTF-8"?>
<!-- Generated by org.testng.reporters.JUnitReportReporter -->
<testsuite skipped="0" hostname="Rashels-MacBook-Air.local" name="com.tt.testngrunner.TestNGRunner" tests="1" failures="0" timestamp="02 Apr 2019 07:53:40 GMT" time="12.360" errors="0">
  <testcase name="feature" time="12.360" classname="com.tt.testngrunner.TestNGRunner"/>
</testsuite> <!-- com.tt.testngrunner.TestNGRunner -->
